<?xml version="1.0" encoding="UTF-8"?>
<!-- Generated by org.testng.reporters.JUnitXMLReporter -->
<testsuite ignored="0" hostname="LAPTOP-HA8083HS" failures="0" tests="2" name="Default test" time="42.979" errors="0" timestamp="2024-10-23T15:54:16 IST">
  <testcase classname="com.Ecommerce.TestCases.ECommerceTest" name="searchAndAddProductToCart" time="16.565"/>
  <testcase classname="com.Ecommerce.TestCases.ECommerceTest" name="searchAndAddProductToCart" time="17.86"/>
</testsuite> <!-- Default test -->
