<?xml version="1.0" encoding="UTF-8"?>
<testng-results ignored="0" total="2" passed="2" failed="0" skipped="0">
  <reporter-output>
  </reporter-output>
  <suite started-at="2024-10-23T15:53:33 IST" name="Default suite" finished-at="2024-10-23T15:54:16 IST" duration-ms="42979">
    <groups>
    </groups>
    <test started-at="2024-10-23T15:53:33 IST" name="Default test" finished-at="2024-10-23T15:54:16 IST" duration-ms="42979">
      <class name="com.Ecommerce.TestCases.ECommerceTest">
        <test-method is-config="true" signature="setup()[pri:0, instance:com.Ecommerce.TestCases.ECommerceTest@5d0bf09b]" started-at="2024-10-23T15:53:34 IST" name="setup" finished-at="2024-10-23T15:53:37 IST" duration-ms="2332" status="PASS">
          <reporter-output>
          </reporter-output>
        </test-method> <!-- setup -->
        <test-method signature="searchAndAddProductToCart(java.lang.String,java.lang.String)[pri:0, instance:com.Ecommerce.TestCases.ECommerceTest@5d0bf09b]" started-at="2024-10-23T15:53:37 IST" name="searchAndAddProductToCart" data-provider="productData" finished-at="2024-10-23T15:53:53 IST" duration-ms="16565" status="PASS">
          <params>
            <param index="0">
              <value>
                <![CDATA[Laptop]]>
              </value>
            </param>
            <param index="1">
              <value>
                <![CDATA[HP]]>
              </value>
            </param>
          </params>
          <reporter-output>
          </reporter-output>
        </test-method> <!-- searchAndAddProductToCart -->
        <test-method is-config="true" signature="teardown()[pri:0, instance:com.Ecommerce.TestCases.ECommerceTest@5d0bf09b]" started-at="2024-10-23T15:53:53 IST" name="teardown" finished-at="2024-10-23T15:53:55 IST" duration-ms="2099" status="PASS">
          <reporter-output>
          </reporter-output>
        </test-method> <!-- teardown -->
        <test-method is-config="true" signature="setup()[pri:0, instance:com.Ecommerce.TestCases.ECommerceTest@5d0bf09b]" started-at="2024-10-23T15:53:55 IST" name="setup" finished-at="2024-10-23T15:53:56 IST" duration-ms="1160" status="PASS">
          <reporter-output>
          </reporter-output>
        </test-method> <!-- setup -->
        <test-method signature="searchAndAddProductToCart(java.lang.String,java.lang.String)[pri:0, instance:com.Ecommerce.TestCases.ECommerceTest@5d0bf09b]" started-at="2024-10-23T15:53:56 IST" name="searchAndAddProductToCart" data-provider="productData" finished-at="2024-10-23T15:54:14 IST" duration-ms="17860" status="PASS">
          <params>
            <param index="0">
              <value>
                <![CDATA[Smartphone]]>
              </value>
            </param>
            <param index="1">
              <value>
                <![CDATA[Samsung]]>
              </value>
            </param>
          </params>
          <reporter-output>
          </reporter-output>
        </test-method> <!-- searchAndAddProductToCart -->
        <test-method is-config="true" signature="teardown()[pri:0, instance:com.Ecommerce.TestCases.ECommerceTest@5d0bf09b]" started-at="2024-10-23T15:54:14 IST" name="teardown" finished-at="2024-10-23T15:54:16 IST" duration-ms="1998" status="PASS">
          <reporter-output>
          </reporter-output>
        </test-method> <!-- teardown -->
      </class> <!-- com.Ecommerce.TestCases.ECommerceTest -->
    </test> <!-- Default test -->
  </suite> <!-- Default suite -->
</testng-results>
